2023-05-01 10:00:03,318 - __main__ - INFO - Finding Value bets ...
2023-05-01 10:00:03,319 - __main__ - INFO - Fetching matches for 01/05/23
2023-05-01 10:00:03,319 - __main__ - INFO - Fetching matches for 01/05/23
2023-05-01 10:00:12,198 - __main__ - INFO - Adding matches to match_pair_list
2023-05-01 10:00:12,200 - __main__ - INFO - Determining value_bets for match pairs in match_pair_list
2023-05-01 10:00:12,861 - __main__ - INFO - Value bet successfully added to line value bets, _id: a17a684227b8aaa9af09e4a5f1c9cb4d
2023-05-01 10:00:13,498 - __main__ - INFO - Value bet successfully added to line value bets, _id: fc27200b68d99447a22a890423604095
2023-05-01 10:00:14,158 - __main__ - INFO - Value bet successfully added to line value bets, _id: 41af28d68ba1ba9530c86641b5c2e22a
2023-05-01 10:00:14,817 - __main__ - INFO - Value bet successfully added to line value bets, _id: 155f42811f5353ecfbe1af58d309e94b
2023-05-01 10:00:15,478 - __main__ - INFO - Value bet successfully added to line value bets, _id: 8d9afc1b76dd89fc93b288639bf2bbaf
2023-05-01 10:00:15,860 - __main__ - INFO - Adding matches to match_pair_list
2023-05-01 10:00:15,861 - __main__ - INFO - Determining value_bets for match pairs in match_pair_list
2023-05-01 10:00:16,129 - __main__ - INFO - Value bet successfully added to line value bets, _id: 2d6f8045b7191c6eb5bac5d20714b67b
2023-05-01 10:00:16,562 - __main__ - INFO - Value bet successfully added to line value bets, _id: 330aa743703de5309e8cde1a99323571
2023-05-01 10:00:16,777 - __main__ - INFO - Value bet successfully added to line value bets, _id: 86a7319f16539e1ff70d58fb521eec29
2023-05-01 10:00:17,267 - __main__ - INFO - Value bet successfully added to line value bets, _id: fc27200b68d99447a22a890423604095
2023-05-01 10:00:17,409 - __main__ - INFO - Value bet successfully added to line value bets, _id: 9056ac6d4c28299bd061f362a6418a64
2023-05-01 10:00:17,412 - __main__ - INFO - Fetching matches for 02/05/23
2023-05-01 10:00:17,968 - __main__ - INFO - Value bet successfully added to line value bets, _id: e34423f0c969c0a2c88747d4a48864ee
2023-05-01 10:00:18,656 - __main__ - INFO - Value bet successfully added to line value bets, _id: 478cc76477fea56183c9c0435d71bc49
2023-05-01 10:00:19,386 - __main__ - INFO - Value bet successfully added to line value bets, _id: 9f11afe1dcedcd4d6196d63a2800252b
2023-05-01 10:00:20,105 - __main__ - INFO - Value bet successfully added to line value bets, _id: 26cf1243b88be7ab791e7632744160bc
2023-05-01 10:00:20,392 - __main__ - INFO - Adding matches to match_pair_list
2023-05-01 10:00:20,394 - __main__ - INFO - Determining value_bets for match pairs in match_pair_list
2023-05-01 10:00:20,827 - __main__ - INFO - Value bet successfully added to line value bets, _id: b60b70ef3235246ebcb9717679fcaf9f
2023-05-01 10:00:21,040 - __main__ - INFO - Value bet successfully added to line value bets, _id: 7316e0d76546fe53e0ab0fba4f6ba498
2023-05-01 10:00:21,535 - __main__ - INFO - Value bet successfully added to line value bets, _id: 6d8296d9dd73458551c296850bcb2d2a
2023-05-01 10:00:21,676 - __main__ - INFO - Value bet successfully added to line value bets, _id: 3b2df95f13e9c54e85c36935556e55e3
2023-05-01 10:00:22,248 - __main__ - INFO - Value bet successfully added to line value bets, _id: 155f42811f5353ecfbe1af58d309e94b
2023-05-01 10:00:22,308 - __main__ - INFO - Value bet successfully added to line value bets, _id: c3b9f3410951f1b85ba2f58785ddf0d7
2023-05-01 10:00:22,310 - __main__ - INFO - Fetching matches for 03/05/23
2023-05-01 10:00:23,057 - __main__ - INFO - Value bet successfully added to line value bets, _id: 8d9afc1b76dd89fc93b288639bf2bbaf
2023-05-01 10:00:23,979 - __main__ - INFO - Value bet successfully added to line value bets, _id: 2d6f8045b7191c6eb5bac5d20714b67b
2023-05-01 10:00:24,702 - __main__ - INFO - Value bet successfully added to line value bets, _id: 86a7319f16539e1ff70d58fb521eec29
2023-05-01 10:00:25,426 - __main__ - INFO - Value bet successfully added to line value bets, _id: edb6575282f755e109f851517d58b900
2023-05-01 10:00:26,128 - __main__ - INFO - Value bet successfully added to line value bets, _id: 2514219543eeab0c3fad01de6468ea0c
2023-05-01 10:00:26,849 - __main__ - INFO - Value bet successfully added to line value bets, _id: 7410f33bea1a5f96ef7eec8a8b717d52
2023-05-01 10:00:26,850 - __main__ - INFO - Fetching matches for 02/05/23
2023-05-01 10:00:32,766 - __main__ - INFO - Adding matches to match_pair_list
2023-05-01 10:00:32,768 - __main__ - INFO - Determining value_bets for match pairs in match_pair_list
2023-05-01 10:00:33,399 - __main__ - INFO - Value bet successfully added to line value bets, _id: fc9233e01e054c68e001921e23882404
2023-05-01 10:00:33,613 - __main__ - INFO - Adding matches to match_pair_list
2023-05-01 10:00:33,615 - __main__ - INFO - Determining value_bets for match pairs in match_pair_list
2023-05-01 10:00:34,038 - __main__ - INFO - Value bet successfully added to line value bets, _id: a7ac8e7114179e63e1890e291c048bf6
2023-05-01 10:00:34,326 - __main__ - INFO - Value bet successfully added to line value bets, _id: e9b3754bc9a0da15a287a1d9d9c214fa
2023-05-01 10:00:34,680 - __main__ - INFO - Value bet successfully added to line value bets, _id: 9618b57439456291f98400bb2dbb92f2
2023-05-01 10:00:35,029 - __main__ - INFO - Value bet successfully added to line value bets, _id: 7316e0d76546fe53e0ab0fba4f6ba498
2023-05-01 10:00:35,318 - __main__ - INFO - Value bet successfully added to line value bets, _id: c81f243ee4b357d1982e25ee69983b7a
2023-05-01 10:00:35,735 - __main__ - INFO - Value bet successfully added to line value bets, _id: 2b56b199c3541ba2db037fd8470ad151
2023-05-01 10:00:35,962 - __main__ - INFO - Value bet successfully added to line value bets, _id: a6ba127a3d2e2fe81a72509a2cf212aa
2023-05-01 10:00:36,485 - __main__ - INFO - Value bet successfully added to line value bets, _id: e4d270930ad3291a28e8f7a5a03d5d81
2023-05-01 10:00:36,590 - __main__ - INFO - Value bet successfully added to line value bets, _id: b50e7e37f8cf5019cf85bf37aa79da33
2023-05-01 10:00:37,186 - __main__ - INFO - Value bet successfully added to line value bets, _id: f709a8e40fda5d40d7895e3495cd321f
2023-05-01 10:00:37,219 - __main__ - INFO - Value bet successfully added to line value bets, _id: 075a7cf6fb20b190836b4d8761cf1ec5
2023-05-01 10:00:37,905 - __main__ - INFO - Value bet successfully added to line value bets, _id: ef1236da501c08d7a0eca6f8732fde0d
2023-05-01 10:00:37,905 - __main__ - INFO - Value bet successfully added to line value bets, _id: 140371a8562a17bf325e97c2f8857dae
2023-05-01 10:00:38,525 - __main__ - INFO - Value bet successfully added to line value bets, _id: 3b2df95f13e9c54e85c36935556e55e3
2023-05-01 10:00:38,595 - __main__ - INFO - Value bet successfully added to line value bets, _id: f1543f1bec5b6cae008aae9b1fa1d180
2023-05-01 10:00:39,149 - __main__ - INFO - Value bet successfully added to line value bets, _id: c3b9f3410951f1b85ba2f58785ddf0d7
2023-05-01 10:00:39,296 - __main__ - INFO - Value bet successfully added to line value bets, _id: 58197fc33e52fe835e8b2c3e85d0361b
2023-05-01 10:00:39,782 - __main__ - INFO - Value bet successfully added to line value bets, _id: 117092e755e06acf25b17d1ff7602c9f
2023-05-01 10:00:39,996 - __main__ - INFO - Value bet successfully added to line value bets, _id: 299d9931d3f8aae34d110eb98f443a4c
2023-05-01 10:00:40,424 - __main__ - INFO - Value bet successfully added to line value bets, _id: 372c7a9cb7b7282056f55f48e7de6cce
2023-05-01 10:00:40,427 - __main__ - INFO - Fetching matches for 03/05/23
2023-05-01 10:00:40,705 - __main__ - INFO - Value bet successfully added to line value bets, _id: 7e1afae424c4b38daf01dd070cd8d077
2023-05-01 10:00:41,605 - __main__ - INFO - Value bet successfully added to line value bets, _id: a70aa1dd823cc9bb761dab7687b17663
2023-05-01 10:00:42,345 - __main__ - INFO - Value bet successfully added to line value bets, _id: 8dd13b230469acf04c05fcde7aa2afdd
2023-05-01 10:00:43,066 - __main__ - INFO - Value bet successfully added to line value bets, _id: 413cbd7d4c29018b23a311e70e3fbf37
2023-05-01 10:00:43,786 - __main__ - INFO - Value bet successfully added to line value bets, _id: 784ca4d2b3050665562481f2baf8efe1
2023-05-01 10:00:44,526 - __main__ - INFO - Value bet successfully added to line value bets, _id: 8fdbe3db2d0c61784c4f01f9dc45188b
2023-05-01 10:00:45,226 - __main__ - INFO - Value bet successfully added to line value bets, _id: aebfef7c8935fd4ebc04bec690983c6a
2023-05-01 10:00:45,227 - __main__ - INFO - Fetching matches for 04/05/23
2023-05-01 10:00:46,718 - __main__ - INFO - Adding matches to match_pair_list
2023-05-01 10:00:46,720 - __main__ - INFO - Determining value_bets for match pairs in match_pair_list
2023-05-01 10:00:47,425 - __main__ - INFO - Value bet successfully added to line value bets, _id: e69c0de8f9218added01540a5a4f5713
2023-05-01 10:00:48,159 - __main__ - INFO - Value bet successfully added to line value bets, _id: 6e128c216068d03b0fcdae817eba729a
2023-05-01 10:00:48,162 - __main__ - INFO - Fetching matches for 05/05/23
2023-05-01 10:00:50,805 - __main__ - INFO - Adding matches to match_pair_list
2023-05-01 10:00:50,807 - __main__ - INFO - Determining value_bets for match pairs in match_pair_list
2023-05-01 10:00:51,418 - __main__ - INFO - Value bet successfully added to line value bets, _id: 6f81a92619bbbcf5717c6f9c78490bb7
2023-05-01 10:00:52,037 - __main__ - INFO - Value bet successfully added to line value bets, _id: 6ce7343d300e697106d52006ae2b9dda
2023-05-01 10:00:52,771 - __main__ - INFO - Value bet successfully added to line value bets, _id: c8ea7ae1ea748dc7932a01a3c7f6c7b5
2023-05-01 10:00:53,404 - __main__ - INFO - Value bet successfully added to line value bets, _id: a7ac8e7114179e63e1890e291c048bf6
2023-05-01 10:00:54,035 - __main__ - INFO - Value bet successfully added to line value bets, _id: 6952f2e146180124776ce880a91e6dc0
2023-05-01 10:00:54,666 - __main__ - INFO - Value bet successfully added to line value bets, _id: c9d79b5d63d1340f4bc506f7ad101ab2
2023-05-01 10:00:55,298 - __main__ - INFO - Value bet successfully added to line value bets, _id: c81f243ee4b357d1982e25ee69983b7a
2023-05-01 10:00:55,958 - __main__ - INFO - Value bet successfully added to line value bets, _id: a6ba127a3d2e2fe81a72509a2cf212aa
2023-05-01 10:00:56,522 - __main__ - INFO - Adding matches to match_pair_list
2023-05-01 10:00:56,524 - __main__ - INFO - Determining value_bets for match pairs in match_pair_list
2023-05-01 10:00:56,596 - __main__ - INFO - Value bet successfully added to line value bets, _id: 973325711730794d3b32fa8b8d3eb68a
2023-05-01 10:00:57,255 - __main__ - INFO - Value bet successfully added to line value bets, _id: 4c19793fd16f2067898ad2fd51a42082
2023-05-01 10:00:57,255 - __main__ - INFO - Value bet successfully added to line value bets, _id: 26fec240f15232c24ebcbcd05cd11424
2023-05-01 10:00:57,261 - __main__ - INFO - Fetching matches for 06/05/23
2023-05-01 10:00:57,947 - __main__ - INFO - Value bet successfully added to line value bets, _id: 94399779cb13986b814b4b244e438db5
2023-05-01 10:00:58,675 - __main__ - INFO - Value bet successfully added to line value bets, _id: fa165a46de992e367ecd3abaf83bc6a9
2023-05-01 10:00:59,407 - __main__ - INFO - Value bet successfully added to line value bets, _id: aa6d6c5ff7856cdf3692cd518cbfb3b3
2023-05-01 10:01:00,145 - __main__ - INFO - Value bet successfully added to line value bets, _id: e3abe54cff2d63602c9b8222a31da6a8
2023-05-01 10:01:00,887 - __main__ - INFO - Value bet successfully added to line value bets, _id: b50e7e37f8cf5019cf85bf37aa79da33
2023-05-01 10:01:01,607 - __main__ - INFO - Value bet successfully added to line value bets, _id: 1ad013e6889e03b4b85f3e3ee7f69ec4
2023-05-01 10:01:02,531 - __main__ - INFO - Value bet successfully added to line value bets, _id: 075a7cf6fb20b190836b4d8761cf1ec5
2023-05-01 10:01:03,249 - __main__ - INFO - Value bet successfully added to line value bets, _id: ef1236da501c08d7a0eca6f8732fde0d
2023-05-01 10:01:04,059 - __main__ - INFO - Value bet successfully added to line value bets, _id: f1543f1bec5b6cae008aae9b1fa1d180
2023-05-01 10:01:04,985 - __main__ - INFO - Value bet successfully added to line value bets, _id: 58197fc33e52fe835e8b2c3e85d0361b
2023-05-01 10:01:05,707 - __main__ - INFO - Value bet successfully added to line value bets, _id: 299d9931d3f8aae34d110eb98f443a4c
2023-05-01 10:01:06,423 - __main__ - INFO - Value bet successfully added to line value bets, _id: 7e1afae424c4b38daf01dd070cd8d077
2023-05-01 10:01:07,146 - __main__ - INFO - Value bet successfully added to line value bets, _id: a70aa1dd823cc9bb761dab7687b17663
2023-05-01 10:01:07,865 - __main__ - INFO - Value bet successfully added to line value bets, _id: 8dd13b230469acf04c05fcde7aa2afdd
2023-05-01 10:01:08,716 - __main__ - INFO - Value bet successfully added to line value bets, _id: 413cbd7d4c29018b23a311e70e3fbf37
2023-05-01 10:01:09,428 - __main__ - INFO - Value bet successfully added to line value bets, _id: 784ca4d2b3050665562481f2baf8efe1
2023-05-01 10:01:10,166 - __main__ - INFO - Value bet successfully added to line value bets, _id: 5a8b6095c28364d9bcdcd05e0d46df50
2023-05-01 10:01:10,888 - __main__ - INFO - Value bet successfully added to line value bets, _id: 90a9be2b6d92ed871ec3f284056e75f4
2023-05-01 10:01:11,599 - __main__ - INFO - Value bet successfully added to line value bets, _id: 5fef9622cc7c18d7bb417d046dd29722
2023-05-01 10:01:12,315 - __main__ - INFO - Value bet successfully added to line value bets, _id: 8fdbe3db2d0c61784c4f01f9dc45188b
2023-05-01 10:01:13,048 - __main__ - INFO - Value bet successfully added to line value bets, _id: 3f7f85be338f54d6be9e48194cacc444
2023-05-01 10:01:13,765 - __main__ - INFO - Value bet successfully added to line value bets, _id: aebfef7c8935fd4ebc04bec690983c6a
2023-05-01 10:01:13,766 - __main__ - INFO - Fetching matches for 04/05/23
2023-05-01 10:01:14,708 - __main__ - INFO - Adding matches to match_pair_list
2023-05-01 10:01:14,710 - __main__ - INFO - Determining value_bets for match pairs in match_pair_list
2023-05-01 10:01:15,346 - __main__ - INFO - Value bet successfully added to line value bets, _id: a202980731c430590bf15317ee45fa43
2023-05-01 10:01:15,959 - __main__ - INFO - Value bet successfully added to line value bets, _id: 486d043745aacbf9bf5c845943d9650d
2023-05-01 10:01:16,285 - __main__ - INFO - Adding matches to match_pair_list
2023-05-01 10:01:16,287 - __main__ - INFO - Determining value_bets for match pairs in match_pair_list
2023-05-01 10:01:16,576 - __main__ - INFO - Value bet successfully added to line value bets, _id: 089d9b561e73d380dbadb36ee6b88b9f
2023-05-01 10:01:17,004 - __main__ - INFO - Value bet successfully added to line value bets, _id: de16d8548cd428c241e15476c628b29a
2023-05-01 10:01:17,197 - __main__ - INFO - Value bet successfully added to line value bets, _id: f3310adb19893d0bfc8a52226ea9193d
2023-05-01 10:01:17,685 - __main__ - INFO - Value bet successfully added to line value bets, _id: e69c0de8f9218added01540a5a4f5713
2023-05-01 10:01:17,836 - __main__ - INFO - Value bet successfully added to line value bets, _id: 7cfcde746bf1dddb455156a7f4f0a855
2023-05-01 10:01:18,435 - __main__ - INFO - Value bet successfully added to line value bets, _id: 77c6a11ef8324c3c5b4a2c5bd781a59d
2023-05-01 10:01:18,474 - __main__ - INFO - Value bet successfully added to line value bets, _id: 93b153a763e9587eb898c9341b8d71f4
2023-05-01 10:01:18,476 - __main__ - INFO - Fetching matches for 07/05/23
2023-05-01 10:01:19,273 - __main__ - INFO - Value bet successfully added to line value bets, _id: 3aebc5cc88bb607146478ff4281b661e
2023-05-01 10:01:20,165 - __main__ - INFO - Value bet successfully added to line value bets, _id: 6dc05f025b8d217d1efb776322c91417
2023-05-01 10:01:21,016 - __main__ - INFO - Value bet successfully added to line value bets, _id: 6e128c216068d03b0fcdae817eba729a
2023-05-01 10:01:21,772 - __main__ - INFO - Value bet successfully added to line value bets, _id: 4362c7e1264f27d896b1ed76afe8bbbf
2023-05-01 10:01:21,773 - __main__ - INFO - Fetching matches for 05/05/23
2023-05-01 10:01:33,235 - __main__ - INFO - Adding matches to match_pair_list
2023-05-01 10:01:33,237 - __main__ - INFO - Determining value_bets for match pairs in match_pair_list
2023-05-01 10:01:33,989 - __main__ - INFO - Value bet successfully added to line value bets, _id: 3a6d3fbb2790c02bbf8585eed351e2f1
2023-05-01 10:01:33,997 - __main__ - INFO - Fetching matches for 06/05/23
2023-05-01 10:01:34,281 - __main__ - INFO - Adding matches to match_pair_list
2023-05-01 10:01:34,283 - __main__ - INFO - Determining value_bets for match pairs in match_pair_list
2023-05-01 10:01:34,897 - __main__ - INFO - Value bet successfully added to line value bets, _id: cb05dce206c08b407bdd1034a5f703f5
2023-05-01 10:01:35,516 - __main__ - INFO - Value bet successfully added to line value bets, _id: dd202326463f3985eb78cdf0280f1959
2023-05-01 10:01:36,138 - __main__ - INFO - Value bet successfully added to line value bets, _id: be975271ce1260b2b4e03053006696a7
2023-05-01 10:01:36,784 - __main__ - INFO - Value bet successfully added to line value bets, _id: 6634f5dca6df0595c9fc26c18dd9970b
2023-05-01 10:01:37,558 - __main__ - INFO - Value bet successfully added to line value bets, _id: 248fe335fb22e425c9669c8e4b364447
2023-05-01 10:01:38,345 - __main__ - INFO - Value bet successfully added to line value bets, _id: b96c66312164921655f5dafeaf811d38
2023-05-01 10:01:38,955 - __main__ - INFO - Value bet successfully added to line value bets, _id: 9dbf8547a698ec39f1b173f6edd44d81
2023-05-01 10:01:38,959 - __main__ - INFO - Fetching matches for 08/05/23
2023-05-01 10:01:44,885 - __main__ - INFO - Adding matches to match_pair_list
2023-05-01 10:01:44,886 - __main__ - INFO - Determining value_bets for match pairs in match_pair_list
2023-05-01 10:01:45,915 - __main__ - INFO - Value bet successfully added to line value bets, _id: b64a8010a8cb4919779d66a880ba832c
2023-05-01 10:01:46,577 - __main__ - INFO - Value bet successfully added to line value bets, _id: cbaa699c7117a357a9a673bbc6a7bb26
2023-05-01 10:01:47,234 - __main__ - INFO - Value bet successfully added to line value bets, _id: 10e57dc5355722ffa6fe2aeea3195269
2023-05-01 10:01:47,237 - __main__ - INFO - Fetching matches for 09/05/23
2023-05-01 10:01:47,728 - __main__ - INFO - Adding matches to match_pair_list
2023-05-01 10:01:47,731 - __main__ - INFO - Determining value_bets for match pairs in match_pair_list
2023-05-01 10:01:47,732 - __main__ - INFO - Fetching matches for 10/05/23
2023-05-01 10:01:48,148 - __main__ - INFO - Adding matches to match_pair_list
2023-05-01 10:01:48,150 - __main__ - INFO - No matches on 10/05/23
2023-05-01 10:01:48,151 - __main__ - INFO - Fetching matches for 11/05/23
2023-05-01 10:01:49,415 - __main__ - INFO - Adding matches to match_pair_list
2023-05-01 10:01:49,416 - __main__ - INFO - Determining value_bets for match pairs in match_pair_list
2023-05-01 10:01:50,057 - __main__ - INFO - Value bet successfully added to line value bets, _id: 74c888d3addcfa9c4e7f9a3321f60cef
2023-05-01 10:01:50,059 - __main__ - INFO - Fetching matches for 12/05/23
2023-05-01 10:01:51,136 - __main__ - INFO - Adding matches to match_pair_list
2023-05-01 10:01:51,138 - __main__ - INFO - Determining value_bets for match pairs in match_pair_list
2023-05-01 10:01:51,139 - __main__ - INFO - Fetching matches for 13/05/23
2023-05-01 10:01:53,047 - __main__ - INFO - Adding matches to match_pair_list
2023-05-01 10:01:53,050 - __main__ - INFO - Determining value_bets for match pairs in match_pair_list
2023-05-01 10:01:53,118 - __main__ - INFO - Adding matches to match_pair_list
2023-05-01 10:01:53,120 - __main__ - INFO - No matches on 13/05/23
2023-05-01 10:01:53,121 - __main__ - INFO - Fetching matches for 14/05/23
2023-05-01 10:01:53,746 - __main__ - INFO - Value bet successfully added to line value bets, _id: 17db251dc473ab10352de1799780c152
2023-05-01 10:01:54,252 - __main__ - INFO - Adding matches to match_pair_list
2023-05-01 10:01:54,253 - __main__ - INFO - No matches on 14/05/23
2023-05-01 10:01:54,254 - __main__ - INFO - Fetching matches for 15/05/23
2023-05-01 10:01:54,454 - __main__ - INFO - Value bet successfully added to line value bets, _id: 1e534b5649ca30d4e3cb5fa12e64c63d
2023-05-01 10:01:54,668 - __main__ - INFO - No matches on 15/05/23
2023-05-01 10:01:54,671 - __main__ - INFO - Fetching matches for 16/05/23
2023-05-01 10:01:55,195 - __main__ - INFO - No matches on 16/05/23
2023-05-01 10:01:55,197 - __main__ - INFO - Fetching matches for 17/05/23
2023-05-01 10:01:55,214 - __main__ - INFO - Value bet successfully added to line value bets, _id: f4b1af925a420176b01d6c27cb88ad97
2023-05-01 10:01:55,643 - __main__ - INFO - No matches on 17/05/23
2023-05-01 10:01:55,644 - __main__ - INFO - Fetching matches for 18/05/23
2023-05-01 10:01:55,950 - __main__ - INFO - Value bet successfully added to line value bets, _id: e191b6fbb03e73fc8daa16f98502b156
2023-05-01 10:01:56,045 - __main__ - INFO - No matches on 18/05/23
2023-05-01 10:01:56,047 - __main__ - INFO - Fetching matches for 19/05/23
2023-05-01 10:01:56,446 - __main__ - INFO - No matches on 19/05/23
2023-05-01 10:01:56,448 - __main__ - INFO - Fetching matches for 20/05/23
2023-05-01 10:01:56,705 - __main__ - INFO - Value bet successfully added to line value bets, _id: 7b6ce91196e1fff100737f5d43219430
2023-05-01 10:01:56,848 - __main__ - INFO - No matches on 20/05/23
2023-05-01 10:01:56,850 - __main__ - INFO - Fetching matches for 21/05/23
2023-05-01 10:01:57,239 - __main__ - INFO - No matches on 21/05/23
2023-05-01 10:01:57,240 - __main__ - INFO - Fetching matches for 22/05/23
2023-05-01 10:01:57,410 - __main__ - INFO - Value bet successfully added to line value bets, _id: 486d043745aacbf9bf5c845943d9650d
2023-05-01 10:01:57,676 - __main__ - INFO - No matches on 22/05/23
2023-05-01 10:01:57,678 - __main__ - INFO - Fetching matches for 23/05/23
2023-05-01 10:01:58,158 - __main__ - INFO - No matches on 23/05/23
2023-05-01 10:01:58,160 - __main__ - INFO - Fetching matches for 24/05/23
2023-05-01 10:01:58,254 - __main__ - INFO - Value bet successfully added to line value bets, _id: 089d9b561e73d380dbadb36ee6b88b9f
2023-05-01 10:01:58,771 - __main__ - INFO - Adding matches to match_pair_list
2023-05-01 10:01:58,773 - __main__ - INFO - No matches on 24/05/23
2023-05-01 10:01:58,775 - __main__ - INFO - Fetching matches for 25/05/23
2023-05-01 10:01:59,095 - __main__ - INFO - Value bet successfully added to line value bets, _id: 9997c768a76764235190716104d921f4
2023-05-01 10:01:59,228 - __main__ - INFO - No matches on 25/05/23
2023-05-01 10:01:59,230 - __main__ - INFO - Fetching matches for 26/05/23
2023-05-01 10:01:59,678 - __main__ - INFO - No matches on 26/05/23
2023-05-01 10:01:59,680 - __main__ - INFO - Fetching matches for 27/05/23
2023-05-01 10:01:59,996 - __main__ - INFO - Value bet successfully added to line value bets, _id: 93b153a763e9587eb898c9341b8d71f4
2023-05-01 10:02:00,117 - __main__ - INFO - No matches on 27/05/23
2023-05-01 10:02:00,119 - __main__ - INFO - Fetching matches for 28/05/23
2023-05-01 10:02:00,546 - __main__ - INFO - No matches on 28/05/23
2023-05-01 10:02:00,548 - __main__ - INFO - Fetching matches for 29/05/23
2023-05-01 10:02:00,906 - __main__ - INFO - Value bet successfully added to line value bets, _id: 5ca92b5f0422c6517089fb211d0f1978
2023-05-01 10:02:01,052 - __main__ - INFO - No matches on 29/05/23
2023-05-01 10:02:01,055 - __main__ - INFO - Fetching matches for 30/05/23
2023-05-01 10:02:01,485 - __main__ - INFO - No matches on 30/05/23
2023-05-01 10:02:01,775 - __main__ - INFO - Value bet successfully added to line value bets, _id: 1512bcc68f470909fbea029333c887a6
2023-05-01 10:02:02,704 - __main__ - INFO - Value bet successfully added to line value bets, _id: 5ad43b9274824d8986bc3f05bbd00a2e
2023-05-01 10:02:02,708 - __main__ - INFO - Fetching matches for 07/05/23
2023-05-01 10:02:19,959 - __main__ - INFO - Adding matches to match_pair_list
2023-05-01 10:02:19,961 - __main__ - INFO - Determining value_bets for match pairs in match_pair_list
2023-05-01 10:02:20,684 - __main__ - INFO - Value bet successfully added to line value bets, _id: cb05dce206c08b407bdd1034a5f703f5
2023-05-01 10:02:21,636 - __main__ - INFO - Value bet successfully added to line value bets, _id: f8cbbf5202d39bedbf1a37311a9c11f2
2023-05-01 10:02:22,558 - __main__ - INFO - Value bet successfully added to line value bets, _id: 013b6599eddeed11b6bcebbf2a922db5
2023-05-01 10:02:23,376 - __main__ - INFO - Value bet successfully added to line value bets, _id: a00961b5fc9f2eba15b9fae9effe6b87
2023-05-01 10:02:24,284 - __main__ - INFO - Value bet successfully added to line value bets, _id: db10c11896d6b6fd7b0e1e18dbf15a21
2023-05-01 10:02:24,988 - __main__ - INFO - Value bet successfully added to line value bets, _id: 0bd598f40b2d8bceac018e00545db2df
2023-05-01 10:02:25,664 - __main__ - INFO - Value bet successfully added to line value bets, _id: af6033b1a069e5a777a167952f9ce6f5
2023-05-01 10:02:26,382 - __main__ - INFO - Value bet successfully added to line value bets, _id: be975271ce1260b2b4e03053006696a7
2023-05-01 10:02:27,115 - __main__ - INFO - Value bet successfully added to line value bets, _id: 6634f5dca6df0595c9fc26c18dd9970b
2023-05-01 10:02:27,829 - __main__ - INFO - Value bet successfully added to line value bets, _id: 248fe335fb22e425c9669c8e4b364447
2023-05-01 10:02:28,554 - __main__ - INFO - Value bet successfully added to line value bets, _id: b96c66312164921655f5dafeaf811d38
2023-05-01 10:02:29,282 - __main__ - INFO - Value bet successfully added to line value bets, _id: 9dbf8547a698ec39f1b173f6edd44d81
2023-05-01 10:02:30,005 - __main__ - INFO - Value bet successfully added to line value bets, _id: c659ed764c8e0dd239d3196b95de102c
2023-05-01 10:02:30,008 - __main__ - INFO - Fetching matches for 08/05/23
2023-05-01 10:02:36,734 - __main__ - INFO - Adding matches to match_pair_list
2023-05-01 10:02:36,736 - __main__ - INFO - Determining value_bets for match pairs in match_pair_list
2023-05-01 10:02:37,614 - __main__ - INFO - Value bet successfully added to line value bets, _id: b64a8010a8cb4919779d66a880ba832c
2023-05-01 10:02:38,531 - __main__ - INFO - Value bet successfully added to line value bets, _id: e1ba1e06919e4755594d885536ce5681
2023-05-01 10:02:39,404 - __main__ - INFO - Value bet successfully added to line value bets, _id: cbaa699c7117a357a9a673bbc6a7bb26
2023-05-01 10:02:40,118 - __main__ - INFO - Value bet successfully added to line value bets, _id: 51c613a7466253bc9d3357ea6b6bf4d6
2023-05-01 10:02:40,824 - __main__ - INFO - Value bet successfully added to line value bets, _id: df8672820b23499ea1544ad3eb0565e8
2023-05-01 10:02:40,827 - __main__ - INFO - Fetching matches for 09/05/23
2023-05-01 10:02:41,401 - __main__ - INFO - Adding matches to match_pair_list
2023-05-01 10:02:41,403 - __main__ - INFO - Determining value_bets for match pairs in match_pair_list
2023-05-01 10:02:41,405 - __main__ - INFO - Fetching matches for 10/05/23
2023-05-01 10:02:42,028 - __main__ - INFO - Adding matches to match_pair_list
2023-05-01 10:02:42,030 - __main__ - INFO - No matches on 10/05/23
2023-05-01 10:02:42,031 - __main__ - INFO - Fetching matches for 11/05/23
2023-05-01 10:02:43,148 - __main__ - INFO - Adding matches to match_pair_list
2023-05-01 10:02:43,150 - __main__ - INFO - Determining value_bets for match pairs in match_pair_list
2023-05-01 10:02:43,153 - __main__ - INFO - Fetching matches for 12/05/23
2023-05-01 10:02:43,888 - __main__ - INFO - Adding matches to match_pair_list
2023-05-01 10:02:43,891 - __main__ - INFO - No matches on 12/05/23
2023-05-01 10:02:43,892 - __main__ - INFO - Fetching matches for 13/05/23
2023-05-01 10:02:46,628 - __main__ - INFO - Adding matches to match_pair_list
2023-05-01 10:02:46,630 - __main__ - INFO - No matches on 13/05/23
2023-05-01 10:02:46,631 - __main__ - INFO - Fetching matches for 14/05/23
2023-05-01 10:02:49,394 - __main__ - INFO - Adding matches to match_pair_list
2023-05-01 10:02:49,396 - __main__ - INFO - No matches on 14/05/23
2023-05-01 10:02:49,397 - __main__ - INFO - Fetching matches for 15/05/23
2023-05-01 10:02:50,074 - __main__ - INFO - No matches on 15/05/23
2023-05-01 10:02:50,076 - __main__ - INFO - Fetching matches for 16/05/23
2023-05-01 10:02:50,718 - __main__ - INFO - No matches on 16/05/23
2023-05-01 10:02:50,720 - __main__ - INFO - Fetching matches for 17/05/23
2023-05-01 10:02:51,250 - __main__ - INFO - No matches on 17/05/23
2023-05-01 10:02:51,253 - __main__ - INFO - Fetching matches for 18/05/23
2023-05-01 10:02:51,782 - __main__ - INFO - No matches on 18/05/23
2023-05-01 10:02:51,785 - __main__ - INFO - Fetching matches for 19/05/23
2023-05-01 10:02:52,234 - __main__ - INFO - No matches on 19/05/23
2023-05-01 10:02:52,237 - __main__ - INFO - Fetching matches for 20/05/23
2023-05-01 10:02:52,686 - __main__ - INFO - No matches on 20/05/23
2023-05-01 10:02:52,692 - __main__ - INFO - Fetching matches for 21/05/23
2023-05-01 10:02:53,175 - __main__ - INFO - No matches on 21/05/23
2023-05-01 10:02:53,178 - __main__ - INFO - Fetching matches for 22/05/23
2023-05-01 10:02:53,789 - __main__ - INFO - No matches on 22/05/23
2023-05-01 10:02:53,790 - __main__ - INFO - Fetching matches for 23/05/23
2023-05-01 10:02:54,403 - __main__ - INFO - No matches on 23/05/23
2023-05-01 10:02:54,404 - __main__ - INFO - Fetching matches for 24/05/23
2023-05-01 10:02:55,031 - __main__ - INFO - Adding matches to match_pair_list
2023-05-01 10:02:55,033 - __main__ - INFO - Determining value_bets for match pairs in match_pair_list
2023-05-01 10:02:55,034 - __main__ - INFO - Fetching matches for 25/05/23
2023-05-01 10:02:55,494 - __main__ - INFO - No matches on 25/05/23
2023-05-01 10:02:55,497 - __main__ - INFO - Fetching matches for 26/05/23
2023-05-01 10:02:55,945 - __main__ - INFO - No matches on 26/05/23
2023-05-01 10:02:55,947 - __main__ - INFO - Fetching matches for 27/05/23
2023-05-01 10:02:56,384 - __main__ - INFO - No matches on 27/05/23
2023-05-01 10:02:56,386 - __main__ - INFO - Fetching matches for 28/05/23
2023-05-01 10:02:56,861 - __main__ - INFO - No matches on 28/05/23
2023-05-01 10:02:56,862 - __main__ - INFO - Fetching matches for 29/05/23
2023-05-01 10:02:57,403 - __main__ - INFO - No matches on 29/05/23
2023-05-01 10:02:57,404 - __main__ - INFO - Fetching matches for 30/05/23
2023-05-01 10:02:57,867 - __main__ - INFO - No matches on 30/05/23
2023-05-01 10:02:58,193 - __main__ - INFO - 144 value bets for upcoming football matches were found and added to db
2023-05-01 10:02:58,195 - __main__ - INFO - Finding Value bets ...
2023-05-01 10:02:58,197 - __main__ - INFO - Fetching matches for 01/05/23
2023-05-01 10:02:58,197 - __main__ - INFO - Fetching matches for 01/05/23
2023-05-01 10:03:05,418 - __main__ - INFO - Adding matches to match_pair_list
2023-05-01 10:03:05,423 - __main__ - INFO - Determining value_bets for match pairs in match_pair_list
2023-05-01 10:03:06,037 - __main__ - INFO - Value bet successfully added to line value bets, _id: a17a684227b8aaa9af09e4a5f1c9cb4d
2023-05-01 10:03:06,574 - __main__ - INFO - Adding matches to match_pair_list
2023-05-01 10:03:06,575 - __main__ - INFO - Determining value_bets for match pairs in match_pair_list
2023-05-01 10:03:06,676 - __main__ - INFO - Value bet successfully added to line value bets, _id: fc27200b68d99447a22a890423604095
2023-05-01 10:03:07,304 - __main__ - INFO - Value bet successfully added to line value bets, _id: 330aa743703de5309e8cde1a99323571
2023-05-01 10:03:07,328 - __main__ - INFO - Value bet successfully added to line value bets, _id: 41af28d68ba1ba9530c86641b5c2e22a
2023-05-01 10:03:07,938 - __main__ - INFO - Value bet successfully added to line value bets, _id: 155f42811f5353ecfbe1af58d309e94b
2023-05-01 10:03:08,005 - __main__ - INFO - Value bet successfully added to line value bets, _id: fc27200b68d99447a22a890423604095
2023-05-01 10:03:08,563 - __main__ - INFO - Value bet successfully added to line value bets, _id: 8d9afc1b76dd89fc93b288639bf2bbaf
2023-05-01 10:03:08,705 - __main__ - INFO - Value bet successfully added to line value bets, _id: e34423f0c969c0a2c88747d4a48864ee
2023-05-01 10:03:09,195 - __main__ - INFO - Value bet successfully added to line value bets, _id: 2d6f8045b7191c6eb5bac5d20714b67b
2023-05-01 10:03:09,420 - __main__ - INFO - Value bet successfully added to line value bets, _id: 478cc76477fea56183c9c0435d71bc49
2023-05-01 10:03:09,837 - __main__ - INFO - Value bet successfully added to line value bets, _id: 86a7319f16539e1ff70d58fb521eec29
2023-05-01 10:03:10,126 - __main__ - INFO - Value bet successfully added to line value bets, _id: 9f11afe1dcedcd4d6196d63a2800252b
2023-05-01 10:03:10,457 - __main__ - INFO - Value bet successfully added to line value bets, _id: 9056ac6d4c28299bd061f362a6418a64
2023-05-01 10:03:10,457 - __main__ - INFO - Fetching matches for 02/05/23
2023-05-01 10:03:10,825 - __main__ - INFO - Value bet successfully added to line value bets, _id: 26cf1243b88be7ab791e7632744160bc
2023-05-01 10:03:11,606 - __main__ - INFO - Value bet successfully added to line value bets, _id: b60b70ef3235246ebcb9717679fcaf9f
2023-05-01 10:03:12,404 - __main__ - INFO - Value bet successfully added to line value bets, _id: 6d8296d9dd73458551c296850bcb2d2a
2023-05-01 10:03:13,124 - __main__ - INFO - Value bet successfully added to line value bets, _id: 155f42811f5353ecfbe1af58d309e94b
2023-05-01 10:03:13,844 - __main__ - INFO - Value bet successfully added to line value bets, _id: 8d9afc1b76dd89fc93b288639bf2bbaf
2023-05-01 10:03:14,624 - __main__ - INFO - Value bet successfully added to line value bets, _id: 2d6f8045b7191c6eb5bac5d20714b67b
2023-05-01 10:03:14,816 - __main__ - INFO - Adding matches to match_pair_list
2023-05-01 10:03:14,817 - __main__ - INFO - Determining value_bets for match pairs in match_pair_list
2023-05-01 10:03:15,344 - __main__ - INFO - Value bet successfully added to line value bets, _id: 86a7319f16539e1ff70d58fb521eec29
2023-05-01 10:03:15,474 - __main__ - INFO - Value bet successfully added to line value bets, _id: 7316e0d76546fe53e0ab0fba4f6ba498
2023-05-01 10:03:16,064 - __main__ - INFO - Value bet successfully added to line value bets, _id: edb6575282f755e109f851517d58b900
2023-05-01 10:03:16,109 - __main__ - INFO - Value bet successfully added to line value bets, _id: 3b2df95f13e9c54e85c36935556e55e3
2023-05-01 10:03:16,748 - __main__ - INFO - Value bet successfully added to line value bets, _id: c3b9f3410951f1b85ba2f58785ddf0d7
2023-05-01 10:03:16,751 - __main__ - INFO - Fetching matches for 03/05/23
2023-05-01 10:03:16,762 - __main__ - INFO - Value bet successfully added to line value bets, _id: 2514219543eeab0c3fad01de6468ea0c
2023-05-01 10:03:17,486 - __main__ - INFO - Value bet successfully added to line value bets, _id: 7410f33bea1a5f96ef7eec8a8b717d52
2023-05-01 10:03:17,489 - __main__ - INFO - Fetching matches for 02/05/23
